<?xml version="1.0" encoding="UTF-8"?>
<!-- Generated by org.testng.reporters.JUnitXMLReporter -->
<testsuite hostname="Kumanans-MacBook-Pro.local" ignored="0" name="Default test" tests="5" failures="0" timestamp="2020-05-28T08:06:51 IST" time="5.782" errors="0">
  <testcase name="weather" time="3.659" classname="WeatherMAP.WeatherReport"/>
  <testcase name="weather" time="0.319" classname="WeatherMAP.WeatherReport"/>
  <testcase name="weather" time="0.297" classname="WeatherMAP.WeatherReport"/>
  <testcase name="weather" time="0.445" classname="WeatherMAP.WeatherReport"/>
  <testcase name="weather" time="0.293" classname="WeatherMAP.WeatherReport"/>
</testsuite> <!-- Default test -->
